<?xml version="1.0" encoding="UTF-8"?>
<testsuite name="SpringbootApplicationTests" time="0.004" tests="1" errors="1" skipped="0" failures="0">
  <properties>
[...]
</properties>
  <testcase name="initializationError" classname="SpringbootApplicationTests" time="0.004">
    <error message="Unable to find a @SpringBootConfiguration, you need to use @ContextConfiguration or @SpringBootTest(classes=...) with your test" type="java.lang.IllegalStateException"><![CDATA[java.lang.IllegalStateException: Unable to find a @SpringBootConfiguration, you need to use @ContextConfiguration or @SpringBootTest(classes=...) with your test
	at org.springframework.util.Assert.state(Assert.java:70)
	at org.springframework.boot.test.context.SpringBootTestContextBootstrapper.getOrFindConfigurationClasses(SpringBootTestContextBootstrapper.java:202)
	at org.springframework.boot.test.context.SpringBootTestContextBootstrapper.processMergedContextConfiguration(SpringBootTestContextBootstrapper.java:137)
	at org.springframework.test.context.support.AbstractTestContextBootstrapper.buildMergedContextConfiguration(AbstractTestContextBootstrapper.java:397)
	at org.springframework.test.context.support.AbstractTestContextBootstrapper.buildDefaultMergedContextConfiguration(AbstractTestContextBootstrapper.java:311)
	at org.springframework.test.context.support.AbstractTestContextBootstrapper.buildMergedContextConfiguration(AbstractTestContextBootstrapper.java:265)
	at org.springframework.test.context.support.AbstractTestContextBootstrapper.buildTestContext(AbstractTestContextBootstrapper.java:105)
	at org.springframework.boot.test.context.SpringBootTestContextBootstrapper.buildTestContext(SpringBootTestContextBootstrapper.java:82)
	at org.springframework.test.context.TestContextManager.<init>(TestContextManager.java:120)
	at org.springframework.test.context.TestContextManager.<init>(TestContextManager.java:105)
	at org.springframework.test.context.junit4.SpringJUnit4ClassRunner.createTestContextManager(SpringJUnit4ClassRunner.java:152)
	at org.springframework.test.context.junit4.SpringJUnit4ClassRunner.<init>(SpringJUnit4ClassRunner.java:143)
	at org.springframework.test.context.junit4.SpringRunner.<init>(SpringRunner.java:49)
	at sun.reflect.NativeConstructorAccessorImpl.newInstance0(Native Method)
	at sun.reflect.NativeConstructorAccessorImpl.newInstance(NativeConstructorAccessorImpl.java:62)
	at sun.reflect.DelegatingConstructorAccessorImpl.newInstance(DelegatingConstructorAccessorImpl.java:45)
	at java.lang.reflect.Constructor.newInstance(Constructor.java:423)
	at org.junit.internal.builders.AnnotatedBuilder.buildRunner(AnnotatedBuilder.java:104)
	at org.junit.internal.builders.AnnotatedBuilder.runnerForClass(AnnotatedBuilder.java:86)
	at org.junit.runners.model.RunnerBuilder.safeRunnerForClass(RunnerBuilder.java:59)
	at org.junit.internal.builders.AllDefaultPossibilitiesBuilder.runnerForClass(AllDefaultPossibilitiesBuilder.java:26)
	at org.junit.runners.model.RunnerBuilder.safeRunnerForClass(RunnerBuilder.java:59)
	at org.junit.internal.requests.ClassRequest.getRunner(ClassRequest.java:33)
	at org.apache.maven.surefire.junit4.JUnit4Provider.execute(JUnit4Provider.java:283)
	at org.apache.maven.surefire.junit4.JUnit4Provider.executeWithRerun(JUnit4Provider.java:173)
	at org.apache.maven.surefire.junit4.JUnit4Provider.executeTestSet(JUnit4Provider.java:153)
	at org.apache.maven.surefire.junit4.JUnit4Provider.invoke(JUnit4Provider.java:128)
	at org.apache.maven.surefire.booter.ForkedBooter.invokeProviderInSameClassLoader(ForkedBooter.java:203)
	at org.apache.maven.surefire.booter.ForkedBooter.runSuitesInProcess(ForkedBooter.java:155)
	at org.apache.maven.surefire.booter.ForkedBooter.main(ForkedBooter.java:103)
]]></error>
    <system-out><![CDATA[16:47:40.497 [main] DEBUG org.springframework.test.context.junit4.SpringJUnit4ClassRunner - SpringJUnit4ClassRunner constructor called with [class SpringbootApplicationTests]
16:47:40.502 [main] DEBUG org.springframework.test.context.BootstrapUtils - Instantiating CacheAwareContextLoaderDelegate from class [org.springframework.test.context.cache.DefaultCacheAwareContextLoaderDelegate]
16:47:40.509 [main] DEBUG org.springframework.test.context.BootstrapUtils - Instantiating BootstrapContext using constructor [public org.springframework.test.context.support.DefaultBootstrapContext(java.lang.Class,org.springframework.test.context.CacheAwareContextLoaderDelegate)]
16:47:40.533 [main] DEBUG org.springframework.test.context.BootstrapUtils - Instantiating TestContextBootstrapper for test class [SpringbootApplicationTests] from class [org.springframework.boot.test.context.SpringBootTestContextBootstrapper]
16:47:40.549 [main] INFO org.springframework.boot.test.context.SpringBootTestContextBootstrapper - Neither @ContextConfiguration nor @ContextHierarchy found for test class [SpringbootApplicationTests], using SpringBootContextLoader
16:47:40.552 [main] DEBUG org.springframework.test.context.support.AbstractContextLoader - Did not detect default resource location for test class [SpringbootApplicationTests]: class path resource [SpringbootApplicationTests-context.xml] does not exist
16:47:40.553 [main] DEBUG org.springframework.test.context.support.AbstractContextLoader - Did not detect default resource location for test class [SpringbootApplicationTests]: class path resource [SpringbootApplicationTestsContext.groovy] does not exist
16:47:40.553 [main] INFO org.springframework.test.context.support.AbstractContextLoader - Could not detect default resource locations for test class [SpringbootApplicationTests]: no resource found for suffixes {-context.xml, Context.groovy}.
16:47:40.554 [main] INFO org.springframework.test.context.support.AnnotationConfigContextLoaderUtils - Could not detect default configuration classes for test class [SpringbootApplicationTests]: SpringbootApplicationTests does not declare any static, non-private, non-final, nested classes annotated with @Configuration.
16:47:40.587 [main] DEBUG org.springframework.test.context.support.ActiveProfilesUtils - Could not find an 'annotation declaring class' for annotation type [org.springframework.test.context.ActiveProfiles] and class [SpringbootApplicationTests]
16:47:40.595 [main] DEBUG org.springframework.core.env.StandardEnvironment - Adding PropertySource 'systemProperties' with lowest search precedence
16:47:40.596 [main] DEBUG org.springframework.core.env.StandardEnvironment - Adding PropertySource 'systemEnvironment' with lowest search precedence
16:47:40.597 [main] DEBUG org.springframework.core.env.StandardEnvironment - Initialized StandardEnvironment with PropertySources [MapPropertySource@665188480 {name='systemProperties', properties={idea.version=2018.1.6, java.runtime.name=Java(TM) SE Runtime Environment, sun.boot.library.path=/usr/local/java/jre/lib/amd64, java.vm.version=25.181-b13, java.vm.vendor=Oracle Corporation, java.vendor.url=http://java.oracle.com/, path.separator=:, java.vm.name=Java HotSpot(TM) 64-Bit Server VM, file.encoding.pkg=sun.io, user.country=CN, sun.java.launcher=SUN_STANDARD, sun.os.patch.level=unknown, java.vm.specification.name=Java Virtual Machine Specification, user.dir=/home/tao/IdeaProjects/springBootTest, java.runtime.version=1.8.0_181-b13, basedir=/home/tao/IdeaProjects/springBootTest, java.awt.graphicsenv=sun.awt.X11GraphicsEnvironment, java.endorsed.dirs=/usr/local/java/jre/lib/endorsed, os.arch=amd64, surefire.real.class.path=/home/tao/IdeaProjects/springBootTest/target/surefire/surefirebooter1759506519263019019.jar, java.io.tmpdir=/tmp, line.separator=
, java.vm.specification.vendor=Oracle Corporation, os.name=Linux, sun.jnu.encoding=UTF-8, java.library.path=/usr/java/packages/lib/amd64:/usr/lib64:/lib64:/lib:/usr/lib, surefire.test.class.path=/home/tao/IdeaProjects/springBootTest/target/test-classes:/home/tao/IdeaProjects/springBootTest/target/classes:/home/tao/.m2/repostitory/org/springframework/boot/spring-boot-starter-web/1.5.12.RELEASE/spring-boot-starter-web-1.5.12.RELEASE.jar:/home/tao/.m2/repostitory/org/springframework/boot/spring-boot-starter/1.5.12.RELEASE/spring-boot-starter-1.5.12.RELEASE.jar:/home/tao/.m2/repostitory/org/springframework/boot/spring-boot-starter-logging/1.5.12.RELEASE/spring-boot-starter-logging-1.5.12.RELEASE.jar:/home/tao/.m2/repostitory/ch/qos/logback/logback-classic/1.1.11/logback-classic-1.1.11.jar:/home/tao/.m2/repostitory/ch/qos/logback/logback-core/1.1.11/logback-core-1.1.11.jar:/home/tao/.m2/repostitory/org/slf4j/jul-to-slf4j/1.7.25/jul-to-slf4j-1.7.25.jar:/home/tao/.m2/repostitory/org/slf4j/log4j-over-slf4j/1.7.25/log4j-over-slf4j-1.7.25.jar:/home/tao/.m2/repostitory/org/yaml/snakeyaml/1.17/snakeyaml-1.17.jar:/home/tao/.m2/repostitory/org/springframework/boot/spring-boot-starter-tomcat/1.5.12.RELEASE/spring-boot-starter-tomcat-1.5.12.RELEASE.jar:/home/tao/.m2/repostitory/org/apache/tomcat/embed/tomcat-embed-core/8.5.29/tomcat-embed-core-8.5.29.jar:/home/tao/.m2/repostitory/org/apache/tomcat/tomcat-annotations-api/8.5.29/tomcat-annotations-api-8.5.29.jar:/home/tao/.m2/repostitory/org/apache/tomcat/embed/tomcat-embed-el/8.5.29/tomcat-embed-el-8.5.29.jar:/home/tao/.m2/repostitory/org/apache/tomcat/embed/tomcat-embed-websocket/8.5.29/tomcat-embed-websocket-8.5.29.jar:/home/tao/.m2/repostitory/org/hibernate/hibernate-validator/5.3.6.Final/hibernate-validator-5.3.6.Final.jar:/home/tao/.m2/repostitory/javax/validation/validation-api/1.1.0.Final/validation-api-1.1.0.Final.jar:/home/tao/.m2/repostitory/org/jboss/logging/jboss-logging/3.3.2.Final/jboss-logging-3.3.2.Final.jar:/home/tao/.m2/repostitory/com/fasterxml/classmate/1.3.4/classmate-1.3.4.jar:/home/tao/.m2/repostitory/com/fasterxml/jackson/core/jackson-databind/2.8.11.1/jackson-databind-2.8.11.1.jar:/home/tao/.m2/repostitory/com/fasterxml/jackson/core/jackson-annotations/2.8.0/jackson-annotations-2.8.0.jar:/home/tao/.m2/repostitory/com/fasterxml/jackson/core/jackson-core/2.8.11/jackson-core-2.8.11.jar:/home/tao/.m2/repostitory/org/springframework/spring-web/4.3.16.RELEASE/spring-web-4.3.16.RELEASE.jar:/home/tao/.m2/repostitory/org/springframework/spring-aop/4.3.16.RELEASE/spring-aop-4.3.16.RELEASE.jar:/home/tao/.m2/repostitory/org/springframework/spring-beans/4.3.16.RELEASE/spring-beans-4.3.16.RELEASE.jar:/home/tao/.m2/repostitory/org/springframework/spring-context/4.3.16.RELEASE/spring-context-4.3.16.RELEASE.jar:/home/tao/.m2/repostitory/org/springframework/spring-webmvc/4.3.16.RELEASE/spring-webmvc-4.3.16.RELEASE.jar:/home/tao/.m2/repostitory/org/springframework/spring-expression/4.3.16.RELEASE/spring-expression-4.3.16.RELEASE.jar:/home/tao/.m2/repostitory/org/springframework/boot/spring-boot-starter-test/1.5.12.RELEASE/spring-boot-starter-test-1.5.12.RELEASE.jar:/home/tao/.m2/repostitory/org/springframework/boot/spring-boot-test/1.5.12.RELEASE/spring-boot-test-1.5.12.RELEASE.jar:/home/tao/.m2/repostitory/org/springframework/boot/spring-boot-test-autoconfigure/1.5.12.RELEASE/spring-boot-test-autoconfigure-1.5.12.RELEASE.jar:/home/tao/.m2/repostitory/com/jayway/jsonpath/json-path/2.2.0/json-path-2.2.0.jar:/home/tao/.m2/repostitory/net/minidev/json-smart/2.2.1/json-smart-2.2.1.jar:/home/tao/.m2/repostitory/net/minidev/accessors-smart/1.1/accessors-smart-1.1.jar:/home/tao/.m2/repostitory/org/ow2/asm/asm/5.0.3/asm-5.0.3.jar:/home/tao/.m2/repostitory/org/slf4j/slf4j-api/1.7.25/slf4j-api-1.7.25.jar:/home/tao/.m2/repostitory/junit/junit/4.12/junit-4.12.jar:/home/tao/.m2/repostitory/org/assertj/assertj-core/2.6.0/assertj-core-2.6.0.jar:/home/tao/.m2/repostitory/org/mockito/mockito-core/1.10.19/mockito-core-1.10.19.jar:/home/tao/.m2/repostitory/org/objenesis/objenesis/2.1/objenesis-2.1.jar:/home/tao/.m2/repostitory/org/hamcrest/hamcrest-core/1.3/hamcrest-core-1.3.jar:/home/tao/.m2/repostitory/org/hamcrest/hamcrest-library/1.3/hamcrest-library-1.3.jar:/home/tao/.m2/repostitory/org/skyscreamer/jsonassert/1.4.0/jsonassert-1.4.0.jar:/home/tao/.m2/repostitory/com/vaadin/external/google/android-json/0.0.20131108.vaadin1/android-json-0.0.20131108.vaadin1.jar:/home/tao/.m2/repostitory/org/springframework/spring-core/4.3.16.RELEASE/spring-core-4.3.16.RELEASE.jar:/home/tao/.m2/repostitory/org/springframework/spring-test/4.3.16.RELEASE/spring-test-4.3.16.RELEASE.jar:/home/tao/.m2/repostitory/org/springframework/boot/spring-boot-autoconfigure/1.5.12.RELEASE/spring-boot-autoconfigure-1.5.12.RELEASE.jar:/home/tao/.m2/repostitory/org/springframework/boot/spring-boot/1.5.12.RELEASE/spring-boot-1.5.12.RELEASE.jar:/home/tao/.m2/repostitory/org/springframework/boot/spring-boot-starter-data-redis/1.5.12.RELEASE/spring-boot-starter-data-redis-1.5.12.RELEASE.jar:/home/tao/.m2/repostitory/org/springframework/data/spring-data-redis/1.8.11.RELEASE/spring-data-redis-1.8.11.RELEASE.jar:/home/tao/.m2/repostitory/org/springframework/data/spring-data-keyvalue/1.2.11.RELEASE/spring-data-keyvalue-1.2.11.RELEASE.jar:/home/tao/.m2/repostitory/org/springframework/data/spring-data-commons/1.13.11.RELEASE/spring-data-commons-1.13.11.RELEASE.jar:/home/tao/.m2/repostitory/org/springframework/spring-tx/4.3.16.RELEASE/spring-tx-4.3.16.RELEASE.jar:/home/tao/.m2/repostitory/org/springframework/spring-oxm/4.3.16.RELEASE/spring-oxm-4.3.16.RELEASE.jar:/home/tao/.m2/repostitory/org/springframework/spring-context-support/4.3.16.RELEASE/spring-context-support-4.3.16.RELEASE.jar:/home/tao/.m2/repostitory/org/slf4j/jcl-over-slf4j/1.7.25/jcl-over-slf4j-1.7.25.jar:/home/tao/.m2/repostitory/redis/clients/jedis/2.9.0/jedis-2.9.0.jar:/home/tao/.m2/repostitory/org/apache/commons/commons-pool2/2.4.3/commons-pool2-2.4.3.jar:, java.specification.name=Java Platform API Specification, java.class.version=52.0, sun.management.compiler=HotSpot 64-Bit Tiered Compilers, os.version=4.15.0-34-generic, user.home=/home/tao, user.timezone=Asia/Chongqing, java.awt.printerjob=sun.print.PSPrinterJob, file.encoding=UTF-8, java.specification.version=1.8, java.class.path=/home/tao/IdeaProjects/springBootTest/target/test-classes:/home/tao/IdeaProjects/springBootTest/target/classes:/home/tao/.m2/repostitory/org/springframework/boot/spring-boot-starter-web/1.5.12.RELEASE/spring-boot-starter-web-1.5.12.RELEASE.jar:/home/tao/.m2/repostitory/org/springframework/boot/spring-boot-starter/1.5.12.RELEASE/spring-boot-starter-1.5.12.RELEASE.jar:/home/tao/.m2/repostitory/org/springframework/boot/spring-boot-starter-logging/1.5.12.RELEASE/spring-boot-starter-logging-1.5.12.RELEASE.jar:/home/tao/.m2/repostitory/ch/qos/logback/logback-classic/1.1.11/logback-classic-1.1.11.jar:/home/tao/.m2/repostitory/ch/qos/logback/logback-core/1.1.11/logback-core-1.1.11.jar:/home/tao/.m2/repostitory/org/slf4j/jul-to-slf4j/1.7.25/jul-to-slf4j-1.7.25.jar:/home/tao/.m2/repostitory/org/slf4j/log4j-over-slf4j/1.7.25/log4j-over-slf4j-1.7.25.jar:/home/tao/.m2/repostitory/org/yaml/snakeyaml/1.17/snakeyaml-1.17.jar:/home/tao/.m2/repostitory/org/springframework/boot/spring-boot-starter-tomcat/1.5.12.RELEASE/spring-boot-starter-tomcat-1.5.12.RELEASE.jar:/home/tao/.m2/repostitory/org/apache/tomcat/embed/tomcat-embed-core/8.5.29/tomcat-embed-core-8.5.29.jar:/home/tao/.m2/repostitory/org/apache/tomcat/tomcat-annotations-api/8.5.29/tomcat-annotations-api-8.5.29.jar:/home/tao/.m2/repostitory/org/apache/tomcat/embed/tomcat-embed-el/8.5.29/tomcat-embed-el-8.5.29.jar:/home/tao/.m2/repostitory/org/apache/tomcat/embed/tomcat-embed-websocket/8.5.29/tomcat-embed-websocket-8.5.29.jar:/home/tao/.m2/repostitory/org/hibernate/hibernate-validator/5.3.6.Final/hibernate-validator-5.3.6.Final.jar:/home/tao/.m2/repostitory/javax/validation/validation-api/1.1.0.Final/validation-api-1.1.0.Final.jar:/home/tao/.m2/repostitory/org/jboss/logging/jboss-logging/3.3.2.Final/jboss-logging-3.3.2.Final.jar:/home/tao/.m2/repostitory/com/fasterxml/classmate/1.3.4/classmate-1.3.4.jar:/home/tao/.m2/repostitory/com/fasterxml/jackson/core/jackson-databind/2.8.11.1/jackson-databind-2.8.11.1.jar:/home/tao/.m2/repostitory/com/fasterxml/jackson/core/jackson-annotations/2.8.0/jackson-annotations-2.8.0.jar:/home/tao/.m2/repostitory/com/fasterxml/jackson/core/jackson-core/2.8.11/jackson-core-2.8.11.jar:/home/tao/.m2/repostitory/org/springframework/spring-web/4.3.16.RELEASE/spring-web-4.3.16.RELEASE.jar:/home/tao/.m2/repostitory/org/springframework/spring-aop/4.3.16.RELEASE/spring-aop-4.3.16.RELEASE.jar:/home/tao/.m2/repostitory/org/springframework/spring-beans/4.3.16.RELEASE/spring-beans-4.3.16.RELEASE.jar:/home/tao/.m2/repostitory/org/springframework/spring-context/4.3.16.RELEASE/spring-context-4.3.16.RELEASE.jar:/home/tao/.m2/repostitory/org/springframework/spring-webmvc/4.3.16.RELEASE/spring-webmvc-4.3.16.RELEASE.jar:/home/tao/.m2/repostitory/org/springframework/spring-expression/4.3.16.RELEASE/spring-expression-4.3.16.RELEASE.jar:/home/tao/.m2/repostitory/org/springframework/boot/spring-boot-starter-test/1.5.12.RELEASE/spring-boot-starter-test-1.5.12.RELEASE.jar:/home/tao/.m2/repostitory/org/springframework/boot/spring-boot-test/1.5.12.RELEASE/spring-boot-test-1.5.12.RELEASE.jar:/home/tao/.m2/repostitory/org/springframework/boot/spring-boot-test-autoconfigure/1.5.12.RELEASE/spring-boot-test-autoconfigure-1.5.12.RELEASE.jar:/home/tao/.m2/repostitory/com/jayway/jsonpath/json-path/2.2.0/json-path-2.2.0.jar:/home/tao/.m2/repostitory/net/minidev/json-smart/2.2.1/json-smart-2.2.1.jar:/home/tao/.m2/repostitory/net/minidev/accessors-smart/1.1/accessors-smart-1.1.jar:/home/tao/.m2/repostitory/org/ow2/asm/asm/5.0.3/asm-5.0.3.jar:/home/tao/.m2/repostitory/org/slf4j/slf4j-api/1.7.25/slf4j-api-1.7.25.jar:/home/tao/.m2/repostitory/junit/junit/4.12/junit-4.12.jar:/home/tao/.m2/repostitory/org/assertj/assertj-core/2.6.0/assertj-core-2.6.0.jar:/home/tao/.m2/repostitory/org/mockito/mockito-core/1.10.19/mockito-core-1.10.19.jar:/home/tao/.m2/repostitory/org/objenesis/objenesis/2.1/objenesis-2.1.jar:/home/tao/.m2/repostitory/org/hamcrest/hamcrest-core/1.3/hamcrest-core-1.3.jar:/home/tao/.m2/repostitory/org/hamcrest/hamcrest-library/1.3/hamcrest-library-1.3.jar:/home/tao/.m2/repostitory/org/skyscreamer/jsonassert/1.4.0/jsonassert-1.4.0.jar:/home/tao/.m2/repostitory/com/vaadin/external/google/android-json/0.0.20131108.vaadin1/android-json-0.0.20131108.vaadin1.jar:/home/tao/.m2/repostitory/org/springframework/spring-core/4.3.16.RELEASE/spring-core-4.3.16.RELEASE.jar:/home/tao/.m2/repostitory/org/springframework/spring-test/4.3.16.RELEASE/spring-test-4.3.16.RELEASE.jar:/home/tao/.m2/repostitory/org/springframework/boot/spring-boot-autoconfigure/1.5.12.RELEASE/spring-boot-autoconfigure-1.5.12.RELEASE.jar:/home/tao/.m2/repostitory/org/springframework/boot/spring-boot/1.5.12.RELEASE/spring-boot-1.5.12.RELEASE.jar:/home/tao/.m2/repostitory/org/springframework/boot/spring-boot-starter-data-redis/1.5.12.RELEASE/spring-boot-starter-data-redis-1.5.12.RELEASE.jar:/home/tao/.m2/repostitory/org/springframework/data/spring-data-redis/1.8.11.RELEASE/spring-data-redis-1.8.11.RELEASE.jar:/home/tao/.m2/repostitory/org/springframework/data/spring-data-keyvalue/1.2.11.RELEASE/spring-data-keyvalue-1.2.11.RELEASE.jar:/home/tao/.m2/repostitory/org/springframework/data/spring-data-commons/1.13.11.RELEASE/spring-data-commons-1.13.11.RELEASE.jar:/home/tao/.m2/repostitory/org/springframework/spring-tx/4.3.16.RELEASE/spring-tx-4.3.16.RELEASE.jar:/home/tao/.m2/repostitory/org/springframework/spring-oxm/4.3.16.RELEASE/spring-oxm-4.3.16.RELEASE.jar:/home/tao/.m2/repostitory/org/springframework/spring-context-support/4.3.16.RELEASE/spring-context-support-4.3.16.RELEASE.jar:/home/tao/.m2/repostitory/org/slf4j/jcl-over-slf4j/1.7.25/jcl-over-slf4j-1.7.25.jar:/home/tao/.m2/repostitory/redis/clients/jedis/2.9.0/jedis-2.9.0.jar:/home/tao/.m2/repostitory/org/apache/commons/commons-pool2/2.4.3/commons-pool2-2.4.3.jar:, user.name=tao, java.vm.specification.version=1.8, sun.java.command=/home/tao/IdeaProjects/springBootTest/target/surefire/surefirebooter1759506519263019019.jar /home/tao/IdeaProjects/springBootTest/target/surefire/surefire6036511477925433001tmp /home/tao/IdeaProjects/springBootTest/target/surefire/surefire_04173695396690797306tmp, java.home=/usr/local/java/jre, sun.arch.data.model=64, user.language=zh, java.specification.vendor=Oracle Corporation, awt.toolkit=sun.awt.X11.XToolkit, java.vm.info=mixed mode, java.version=1.8.0_181, java.ext.dirs=/usr/local/java/jre/lib/ext:/usr/java/packages/lib/ext, sun.boot.class.path=/usr/local/java/jre/lib/resources.jar:/usr/local/java/jre/lib/rt.jar:/usr/local/java/jre/lib/sunrsasign.jar:/usr/local/java/jre/lib/jsse.jar:/usr/local/java/jre/lib/jce.jar:/usr/local/java/jre/lib/charsets.jar:/usr/local/java/jre/lib/jfr.jar:/usr/local/java/jre/classes, java.vendor=Oracle Corporation, localRepository=/home/tao/.m2/repostitory, file.separator=/, java.vendor.url.bug=http://bugreport.sun.com/bugreport/, sun.io.unicode.encoding=UnicodeLittle, sun.cpu.endian=little, sun.desktop=gnome, sun.cpu.isalist=}}, SystemEnvironmentPropertySource@489279267 {name='systemEnvironment', properties={PATH=/home/tao/bin:/home/tao/.local/bin:java/apache-maven-3.5.4/bin:/usr/local/sbin:/usr/local/bin:/usr/sbin:/usr/bin:/sbin:/bin:/usr/games:/usr/local/games:/snap/bin:/usr/local/java/bin:/usr/local/java/jre/bin, XAUTHORITY=/home/tao/.Xauthority, XMODIFIERS=@im=fcitx, XDG_DATA_DIRS=/usr/share/ubuntu:/usr/share/gnome:/usr/local/share/:/usr/share/:/var/lib/snapd/desktop, GDMSESSION=ubuntu, MANDATORY_PATH=/usr/share/gconf/ubuntu.mandatory.path, GTK_IM_MODULE=fcitx, DBUS_SESSION_BUS_ADDRESS=unix:abstract=/tmp/dbus-DXBno5hn1E, DEFAULTS_PATH=/usr/share/gconf/ubuntu.default.path, XDG_CURRENT_DESKTOP=Unity, JRE_HOME=/usr/local/java/jre, MAVEN_HOME=java/apache-maven-3.5.4, LIBGL_ALWAYS_SOFTWARE=1, UPSTART_SESSION=unix:abstract=/com/ubuntu/upstart-session/1000/9124, QT4_IM_MODULE=fcitx, QT_LINUX_ACCESSIBILITY_ALWAYS_ON=1, LOGNAME=tao, JOB=unity-settings-daemon, PWD=/home/tao/IdeaProjects/springBootTest, IM_CONFIG_PHASE=1, LANGUAGE=zh_CN:zh, SHELL=/bin/bash, GIO_LAUNCHED_DESKTOP_FILE=/home/tao/.local/share/applications/idea.desktop, GTK2_MODULES=overlay-scrollbar, INSTANCE=, OLDPWD=/home/tao/IdeaProjects/springBootTest, GNOME_DESKTOP_SESSION_ID=this-is-deprecated, UPSTART_INSTANCE=, GTK_MODULES=unity-gtk-module, CLUTTER_IM_MODULE=xim, JAVA_PATH=/usr/local/java/bin:/usr/local/java/jre/bin, XDG_SESSION_PATH=/org/freedesktop/DisplayManager/Session0, COMPIZ_BIN_PATH=/usr/bin/, SESSIONTYPE=gnome-session, XDG_SESSION_DESKTOP=ubuntu, SHLVL=0, COMPIZ_CONFIG_PROFILE=ubuntu-lowgfx, QT_IM_MODULE=fcitx, UPSTART_JOB=unity7, JAVA_HOME=/usr/local/java, XDG_CONFIG_DIRS=/etc/xdg/xdg-ubuntu:/usr/share/upstart/xdg:/etc/xdg, LANG=zh_CN.UTF-8, GNOME_KEYRING_CONTROL=, XDG_SEAT_PATH=/org/freedesktop/DisplayManager/Seat0, XDG_SESSION_ID=c2, XDG_SESSION_TYPE=x11, DISPLAY=:0, GDM_LANG=zh_CN, XDG_GREETER_DATA_DIR=/var/lib/lightdm-data/tao, UPSTART_EVENTS=xsession started, GPG_AGENT_INFO=/home/tao/.gnupg/S.gpg-agent:0:1, DESKTOP_SESSION=ubuntu, SESSION=ubuntu, USER=tao, CLASSPATH=/home/tao/source/idea-IU-181.5540.7/lib/bootstrap.jar:/home/tao/source/idea-IU-181.5540.7/lib/extensions.jar:/home/tao/source/idea-IU-181.5540.7/lib/util.jar:/home/tao/source/idea-IU-181.5540.7/lib/jdom.jar:/home/tao/source/idea-IU-181.5540.7/lib/log4j.jar:/home/tao/source/idea-IU-181.5540.7/lib/trove4j.jar:/home/tao/source/idea-IU-181.5540.7/lib/jna.jar:/usr/local/java/lib/tools.jar, XDG_MENU_PREFIX=gnome-, GIO_LAUNCHED_DESKTOP_FILE_PID=7446, QT_ACCESSIBILITY=1, SSH_AUTH_SOCK=/run/user/1000/keyring/ssh, XDG_SEAT=seat0, QT_QPA_PLATFORMTHEME=appmenu-qt5, XDG_VTNR=7, XDG_RUNTIME_DIR=/run/user/1000, HOME=/home/tao, GNOME_KEYRING_PID=}}]
16:47:40.610 [main] DEBUG org.springframework.test.context.junit4.SpringJUnit4ClassRunner - SpringJUnit4ClassRunner constructor called with [class SpringbootApplicationTests]
16:47:40.611 [main] DEBUG org.springframework.test.context.BootstrapUtils - Instantiating CacheAwareContextLoaderDelegate from class [org.springframework.test.context.cache.DefaultCacheAwareContextLoaderDelegate]
16:47:40.611 [main] DEBUG org.springframework.test.context.BootstrapUtils - Instantiating BootstrapContext using constructor [public org.springframework.test.context.support.DefaultBootstrapContext(java.lang.Class,org.springframework.test.context.CacheAwareContextLoaderDelegate)]
16:47:40.611 [main] DEBUG org.springframework.test.context.BootstrapUtils - Instantiating TestContextBootstrapper for test class [SpringbootApplicationTests] from class [org.springframework.boot.test.context.SpringBootTestContextBootstrapper]
16:47:40.612 [main] INFO org.springframework.boot.test.context.SpringBootTestContextBootstrapper - Neither @ContextConfiguration nor @ContextHierarchy found for test class [SpringbootApplicationTests], using SpringBootContextLoader
16:47:40.612 [main] DEBUG org.springframework.test.context.support.AbstractContextLoader - Did not detect default resource location for test class [SpringbootApplicationTests]: class path resource [SpringbootApplicationTests-context.xml] does not exist
16:47:40.612 [main] DEBUG org.springframework.test.context.support.AbstractContextLoader - Did not detect default resource location for test class [SpringbootApplicationTests]: class path resource [SpringbootApplicationTestsContext.groovy] does not exist
16:47:40.613 [main] INFO org.springframework.test.context.support.AbstractContextLoader - Could not detect default resource locations for test class [SpringbootApplicationTests]: no resource found for suffixes {-context.xml, Context.groovy}.
16:47:40.613 [main] INFO org.springframework.test.context.support.AnnotationConfigContextLoaderUtils - Could not detect default configuration classes for test class [SpringbootApplicationTests]: SpringbootApplicationTests does not declare any static, non-private, non-final, nested classes annotated with @Configuration.
16:47:40.618 [main] DEBUG org.springframework.test.context.support.ActiveProfilesUtils - Could not find an 'annotation declaring class' for annotation type [org.springframework.test.context.ActiveProfiles] and class [SpringbootApplicationTests]
16:47:40.618 [main] DEBUG org.springframework.core.env.StandardEnvironment - Adding PropertySource 'systemProperties' with lowest search precedence
16:47:40.618 [main] DEBUG org.springframework.core.env.StandardEnvironment - Adding PropertySource 'systemEnvironment' with lowest search precedence
16:47:40.618 [main] DEBUG org.springframework.core.env.StandardEnvironment - Initialized StandardEnvironment with PropertySources [MapPropertySource@842326585 {name='systemProperties', properties={idea.version=2018.1.6, java.runtime.name=Java(TM) SE Runtime Environment, sun.boot.library.path=/usr/local/java/jre/lib/amd64, java.vm.version=25.181-b13, java.vm.vendor=Oracle Corporation, java.vendor.url=http://java.oracle.com/, path.separator=:, java.vm.name=Java HotSpot(TM) 64-Bit Server VM, file.encoding.pkg=sun.io, user.country=CN, sun.java.launcher=SUN_STANDARD, sun.os.patch.level=unknown, java.vm.specification.name=Java Virtual Machine Specification, user.dir=/home/tao/IdeaProjects/springBootTest, java.runtime.version=1.8.0_181-b13, basedir=/home/tao/IdeaProjects/springBootTest, java.awt.graphicsenv=sun.awt.X11GraphicsEnvironment, java.endorsed.dirs=/usr/local/java/jre/lib/endorsed, os.arch=amd64, surefire.real.class.path=/home/tao/IdeaProjects/springBootTest/target/surefire/surefirebooter1759506519263019019.jar, java.io.tmpdir=/tmp, line.separator=
, java.vm.specification.vendor=Oracle Corporation, os.name=Linux, sun.jnu.encoding=UTF-8, java.library.path=/usr/java/packages/lib/amd64:/usr/lib64:/lib64:/lib:/usr/lib, surefire.test.class.path=/home/tao/IdeaProjects/springBootTest/target/test-classes:/home/tao/IdeaProjects/springBootTest/target/classes:/home/tao/.m2/repostitory/org/springframework/boot/spring-boot-starter-web/1.5.12.RELEASE/spring-boot-starter-web-1.5.12.RELEASE.jar:/home/tao/.m2/repostitory/org/springframework/boot/spring-boot-starter/1.5.12.RELEASE/spring-boot-starter-1.5.12.RELEASE.jar:/home/tao/.m2/repostitory/org/springframework/boot/spring-boot-starter-logging/1.5.12.RELEASE/spring-boot-starter-logging-1.5.12.RELEASE.jar:/home/tao/.m2/repostitory/ch/qos/logback/logback-classic/1.1.11/logback-classic-1.1.11.jar:/home/tao/.m2/repostitory/ch/qos/logback/logback-core/1.1.11/logback-core-1.1.11.jar:/home/tao/.m2/repostitory/org/slf4j/jul-to-slf4j/1.7.25/jul-to-slf4j-1.7.25.jar:/home/tao/.m2/repostitory/org/slf4j/log4j-over-slf4j/1.7.25/log4j-over-slf4j-1.7.25.jar:/home/tao/.m2/repostitory/org/yaml/snakeyaml/1.17/snakeyaml-1.17.jar:/home/tao/.m2/repostitory/org/springframework/boot/spring-boot-starter-tomcat/1.5.12.RELEASE/spring-boot-starter-tomcat-1.5.12.RELEASE.jar:/home/tao/.m2/repostitory/org/apache/tomcat/embed/tomcat-embed-core/8.5.29/tomcat-embed-core-8.5.29.jar:/home/tao/.m2/repostitory/org/apache/tomcat/tomcat-annotations-api/8.5.29/tomcat-annotations-api-8.5.29.jar:/home/tao/.m2/repostitory/org/apache/tomcat/embed/tomcat-embed-el/8.5.29/tomcat-embed-el-8.5.29.jar:/home/tao/.m2/repostitory/org/apache/tomcat/embed/tomcat-embed-websocket/8.5.29/tomcat-embed-websocket-8.5.29.jar:/home/tao/.m2/repostitory/org/hibernate/hibernate-validator/5.3.6.Final/hibernate-validator-5.3.6.Final.jar:/home/tao/.m2/repostitory/javax/validation/validation-api/1.1.0.Final/validation-api-1.1.0.Final.jar:/home/tao/.m2/repostitory/org/jboss/logging/jboss-logging/3.3.2.Final/jboss-logging-3.3.2.Final.jar:/home/tao/.m2/repostitory/com/fasterxml/classmate/1.3.4/classmate-1.3.4.jar:/home/tao/.m2/repostitory/com/fasterxml/jackson/core/jackson-databind/2.8.11.1/jackson-databind-2.8.11.1.jar:/home/tao/.m2/repostitory/com/fasterxml/jackson/core/jackson-annotations/2.8.0/jackson-annotations-2.8.0.jar:/home/tao/.m2/repostitory/com/fasterxml/jackson/core/jackson-core/2.8.11/jackson-core-2.8.11.jar:/home/tao/.m2/repostitory/org/springframework/spring-web/4.3.16.RELEASE/spring-web-4.3.16.RELEASE.jar:/home/tao/.m2/repostitory/org/springframework/spring-aop/4.3.16.RELEASE/spring-aop-4.3.16.RELEASE.jar:/home/tao/.m2/repostitory/org/springframework/spring-beans/4.3.16.RELEASE/spring-beans-4.3.16.RELEASE.jar:/home/tao/.m2/repostitory/org/springframework/spring-context/4.3.16.RELEASE/spring-context-4.3.16.RELEASE.jar:/home/tao/.m2/repostitory/org/springframework/spring-webmvc/4.3.16.RELEASE/spring-webmvc-4.3.16.RELEASE.jar:/home/tao/.m2/repostitory/org/springframework/spring-expression/4.3.16.RELEASE/spring-expression-4.3.16.RELEASE.jar:/home/tao/.m2/repostitory/org/springframework/boot/spring-boot-starter-test/1.5.12.RELEASE/spring-boot-starter-test-1.5.12.RELEASE.jar:/home/tao/.m2/repostitory/org/springframework/boot/spring-boot-test/1.5.12.RELEASE/spring-boot-test-1.5.12.RELEASE.jar:/home/tao/.m2/repostitory/org/springframework/boot/spring-boot-test-autoconfigure/1.5.12.RELEASE/spring-boot-test-autoconfigure-1.5.12.RELEASE.jar:/home/tao/.m2/repostitory/com/jayway/jsonpath/json-path/2.2.0/json-path-2.2.0.jar:/home/tao/.m2/repostitory/net/minidev/json-smart/2.2.1/json-smart-2.2.1.jar:/home/tao/.m2/repostitory/net/minidev/accessors-smart/1.1/accessors-smart-1.1.jar:/home/tao/.m2/repostitory/org/ow2/asm/asm/5.0.3/asm-5.0.3.jar:/home/tao/.m2/repostitory/org/slf4j/slf4j-api/1.7.25/slf4j-api-1.7.25.jar:/home/tao/.m2/repostitory/junit/junit/4.12/junit-4.12.jar:/home/tao/.m2/repostitory/org/assertj/assertj-core/2.6.0/assertj-core-2.6.0.jar:/home/tao/.m2/repostitory/org/mockito/mockito-core/1.10.19/mockito-core-1.10.19.jar:/home/tao/.m2/repostitory/org/objenesis/objenesis/2.1/objenesis-2.1.jar:/home/tao/.m2/repostitory/org/hamcrest/hamcrest-core/1.3/hamcrest-core-1.3.jar:/home/tao/.m2/repostitory/org/hamcrest/hamcrest-library/1.3/hamcrest-library-1.3.jar:/home/tao/.m2/repostitory/org/skyscreamer/jsonassert/1.4.0/jsonassert-1.4.0.jar:/home/tao/.m2/repostitory/com/vaadin/external/google/android-json/0.0.20131108.vaadin1/android-json-0.0.20131108.vaadin1.jar:/home/tao/.m2/repostitory/org/springframework/spring-core/4.3.16.RELEASE/spring-core-4.3.16.RELEASE.jar:/home/tao/.m2/repostitory/org/springframework/spring-test/4.3.16.RELEASE/spring-test-4.3.16.RELEASE.jar:/home/tao/.m2/repostitory/org/springframework/boot/spring-boot-autoconfigure/1.5.12.RELEASE/spring-boot-autoconfigure-1.5.12.RELEASE.jar:/home/tao/.m2/repostitory/org/springframework/boot/spring-boot/1.5.12.RELEASE/spring-boot-1.5.12.RELEASE.jar:/home/tao/.m2/repostitory/org/springframework/boot/spring-boot-starter-data-redis/1.5.12.RELEASE/spring-boot-starter-data-redis-1.5.12.RELEASE.jar:/home/tao/.m2/repostitory/org/springframework/data/spring-data-redis/1.8.11.RELEASE/spring-data-redis-1.8.11.RELEASE.jar:/home/tao/.m2/repostitory/org/springframework/data/spring-data-keyvalue/1.2.11.RELEASE/spring-data-keyvalue-1.2.11.RELEASE.jar:/home/tao/.m2/repostitory/org/springframework/data/spring-data-commons/1.13.11.RELEASE/spring-data-commons-1.13.11.RELEASE.jar:/home/tao/.m2/repostitory/org/springframework/spring-tx/4.3.16.RELEASE/spring-tx-4.3.16.RELEASE.jar:/home/tao/.m2/repostitory/org/springframework/spring-oxm/4.3.16.RELEASE/spring-oxm-4.3.16.RELEASE.jar:/home/tao/.m2/repostitory/org/springframework/spring-context-support/4.3.16.RELEASE/spring-context-support-4.3.16.RELEASE.jar:/home/tao/.m2/repostitory/org/slf4j/jcl-over-slf4j/1.7.25/jcl-over-slf4j-1.7.25.jar:/home/tao/.m2/repostitory/redis/clients/jedis/2.9.0/jedis-2.9.0.jar:/home/tao/.m2/repostitory/org/apache/commons/commons-pool2/2.4.3/commons-pool2-2.4.3.jar:, java.specification.name=Java Platform API Specification, java.class.version=52.0, sun.management.compiler=HotSpot 64-Bit Tiered Compilers, os.version=4.15.0-34-generic, user.home=/home/tao, user.timezone=Asia/Chongqing, java.awt.printerjob=sun.print.PSPrinterJob, file.encoding=UTF-8, java.specification.version=1.8, java.class.path=/home/tao/IdeaProjects/springBootTest/target/test-classes:/home/tao/IdeaProjects/springBootTest/target/classes:/home/tao/.m2/repostitory/org/springframework/boot/spring-boot-starter-web/1.5.12.RELEASE/spring-boot-starter-web-1.5.12.RELEASE.jar:/home/tao/.m2/repostitory/org/springframework/boot/spring-boot-starter/1.5.12.RELEASE/spring-boot-starter-1.5.12.RELEASE.jar:/home/tao/.m2/repostitory/org/springframework/boot/spring-boot-starter-logging/1.5.12.RELEASE/spring-boot-starter-logging-1.5.12.RELEASE.jar:/home/tao/.m2/repostitory/ch/qos/logback/logback-classic/1.1.11/logback-classic-1.1.11.jar:/home/tao/.m2/repostitory/ch/qos/logback/logback-core/1.1.11/logback-core-1.1.11.jar:/home/tao/.m2/repostitory/org/slf4j/jul-to-slf4j/1.7.25/jul-to-slf4j-1.7.25.jar:/home/tao/.m2/repostitory/org/slf4j/log4j-over-slf4j/1.7.25/log4j-over-slf4j-1.7.25.jar:/home/tao/.m2/repostitory/org/yaml/snakeyaml/1.17/snakeyaml-1.17.jar:/home/tao/.m2/repostitory/org/springframework/boot/spring-boot-starter-tomcat/1.5.12.RELEASE/spring-boot-starter-tomcat-1.5.12.RELEASE.jar:/home/tao/.m2/repostitory/org/apache/tomcat/embed/tomcat-embed-core/8.5.29/tomcat-embed-core-8.5.29.jar:/home/tao/.m2/repostitory/org/apache/tomcat/tomcat-annotations-api/8.5.29/tomcat-annotations-api-8.5.29.jar:/home/tao/.m2/repostitory/org/apache/tomcat/embed/tomcat-embed-el/8.5.29/tomcat-embed-el-8.5.29.jar:/home/tao/.m2/repostitory/org/apache/tomcat/embed/tomcat-embed-websocket/8.5.29/tomcat-embed-websocket-8.5.29.jar:/home/tao/.m2/repostitory/org/hibernate/hibernate-validator/5.3.6.Final/hibernate-validator-5.3.6.Final.jar:/home/tao/.m2/repostitory/javax/validation/validation-api/1.1.0.Final/validation-api-1.1.0.Final.jar:/home/tao/.m2/repostitory/org/jboss/logging/jboss-logging/3.3.2.Final/jboss-logging-3.3.2.Final.jar:/home/tao/.m2/repostitory/com/fasterxml/classmate/1.3.4/classmate-1.3.4.jar:/home/tao/.m2/repostitory/com/fasterxml/jackson/core/jackson-databind/2.8.11.1/jackson-databind-2.8.11.1.jar:/home/tao/.m2/repostitory/com/fasterxml/jackson/core/jackson-annotations/2.8.0/jackson-annotations-2.8.0.jar:/home/tao/.m2/repostitory/com/fasterxml/jackson/core/jackson-core/2.8.11/jackson-core-2.8.11.jar:/home/tao/.m2/repostitory/org/springframework/spring-web/4.3.16.RELEASE/spring-web-4.3.16.RELEASE.jar:/home/tao/.m2/repostitory/org/springframework/spring-aop/4.3.16.RELEASE/spring-aop-4.3.16.RELEASE.jar:/home/tao/.m2/repostitory/org/springframework/spring-beans/4.3.16.RELEASE/spring-beans-4.3.16.RELEASE.jar:/home/tao/.m2/repostitory/org/springframework/spring-context/4.3.16.RELEASE/spring-context-4.3.16.RELEASE.jar:/home/tao/.m2/repostitory/org/springframework/spring-webmvc/4.3.16.RELEASE/spring-webmvc-4.3.16.RELEASE.jar:/home/tao/.m2/repostitory/org/springframework/spring-expression/4.3.16.RELEASE/spring-expression-4.3.16.RELEASE.jar:/home/tao/.m2/repostitory/org/springframework/boot/spring-boot-starter-test/1.5.12.RELEASE/spring-boot-starter-test-1.5.12.RELEASE.jar:/home/tao/.m2/repostitory/org/springframework/boot/spring-boot-test/1.5.12.RELEASE/spring-boot-test-1.5.12.RELEASE.jar:/home/tao/.m2/repostitory/org/springframework/boot/spring-boot-test-autoconfigure/1.5.12.RELEASE/spring-boot-test-autoconfigure-1.5.12.RELEASE.jar:/home/tao/.m2/repostitory/com/jayway/jsonpath/json-path/2.2.0/json-path-2.2.0.jar:/home/tao/.m2/repostitory/net/minidev/json-smart/2.2.1/json-smart-2.2.1.jar:/home/tao/.m2/repostitory/net/minidev/accessors-smart/1.1/accessors-smart-1.1.jar:/home/tao/.m2/repostitory/org/ow2/asm/asm/5.0.3/asm-5.0.3.jar:/home/tao/.m2/repostitory/org/slf4j/slf4j-api/1.7.25/slf4j-api-1.7.25.jar:/home/tao/.m2/repostitory/junit/junit/4.12/junit-4.12.jar:/home/tao/.m2/repostitory/org/assertj/assertj-core/2.6.0/assertj-core-2.6.0.jar:/home/tao/.m2/repostitory/org/mockito/mockito-core/1.10.19/mockito-core-1.10.19.jar:/home/tao/.m2/repostitory/org/objenesis/objenesis/2.1/objenesis-2.1.jar:/home/tao/.m2/repostitory/org/hamcrest/hamcrest-core/1.3/hamcrest-core-1.3.jar:/home/tao/.m2/repostitory/org/hamcrest/hamcrest-library/1.3/hamcrest-library-1.3.jar:/home/tao/.m2/repostitory/org/skyscreamer/jsonassert/1.4.0/jsonassert-1.4.0.jar:/home/tao/.m2/repostitory/com/vaadin/external/google/android-json/0.0.20131108.vaadin1/android-json-0.0.20131108.vaadin1.jar:/home/tao/.m2/repostitory/org/springframework/spring-core/4.3.16.RELEASE/spring-core-4.3.16.RELEASE.jar:/home/tao/.m2/repostitory/org/springframework/spring-test/4.3.16.RELEASE/spring-test-4.3.16.RELEASE.jar:/home/tao/.m2/repostitory/org/springframework/boot/spring-boot-autoconfigure/1.5.12.RELEASE/spring-boot-autoconfigure-1.5.12.RELEASE.jar:/home/tao/.m2/repostitory/org/springframework/boot/spring-boot/1.5.12.RELEASE/spring-boot-1.5.12.RELEASE.jar:/home/tao/.m2/repostitory/org/springframework/boot/spring-boot-starter-data-redis/1.5.12.RELEASE/spring-boot-starter-data-redis-1.5.12.RELEASE.jar:/home/tao/.m2/repostitory/org/springframework/data/spring-data-redis/1.8.11.RELEASE/spring-data-redis-1.8.11.RELEASE.jar:/home/tao/.m2/repostitory/org/springframework/data/spring-data-keyvalue/1.2.11.RELEASE/spring-data-keyvalue-1.2.11.RELEASE.jar:/home/tao/.m2/repostitory/org/springframework/data/spring-data-commons/1.13.11.RELEASE/spring-data-commons-1.13.11.RELEASE.jar:/home/tao/.m2/repostitory/org/springframework/spring-tx/4.3.16.RELEASE/spring-tx-4.3.16.RELEASE.jar:/home/tao/.m2/repostitory/org/springframework/spring-oxm/4.3.16.RELEASE/spring-oxm-4.3.16.RELEASE.jar:/home/tao/.m2/repostitory/org/springframework/spring-context-support/4.3.16.RELEASE/spring-context-support-4.3.16.RELEASE.jar:/home/tao/.m2/repostitory/org/slf4j/jcl-over-slf4j/1.7.25/jcl-over-slf4j-1.7.25.jar:/home/tao/.m2/repostitory/redis/clients/jedis/2.9.0/jedis-2.9.0.jar:/home/tao/.m2/repostitory/org/apache/commons/commons-pool2/2.4.3/commons-pool2-2.4.3.jar:, user.name=tao, java.vm.specification.version=1.8, sun.java.command=/home/tao/IdeaProjects/springBootTest/target/surefire/surefirebooter1759506519263019019.jar /home/tao/IdeaProjects/springBootTest/target/surefire/surefire6036511477925433001tmp /home/tao/IdeaProjects/springBootTest/target/surefire/surefire_04173695396690797306tmp, java.home=/usr/local/java/jre, sun.arch.data.model=64, user.language=zh, java.specification.vendor=Oracle Corporation, awt.toolkit=sun.awt.X11.XToolkit, java.vm.info=mixed mode, java.version=1.8.0_181, java.ext.dirs=/usr/local/java/jre/lib/ext:/usr/java/packages/lib/ext, sun.boot.class.path=/usr/local/java/jre/lib/resources.jar:/usr/local/java/jre/lib/rt.jar:/usr/local/java/jre/lib/sunrsasign.jar:/usr/local/java/jre/lib/jsse.jar:/usr/local/java/jre/lib/jce.jar:/usr/local/java/jre/lib/charsets.jar:/usr/local/java/jre/lib/jfr.jar:/usr/local/java/jre/classes, java.vendor=Oracle Corporation, localRepository=/home/tao/.m2/repostitory, file.separator=/, java.vendor.url.bug=http://bugreport.sun.com/bugreport/, sun.io.unicode.encoding=UnicodeLittle, sun.cpu.endian=little, sun.desktop=gnome, sun.cpu.isalist=}}, SystemEnvironmentPropertySource@1032986144 {name='systemEnvironment', properties={PATH=/home/tao/bin:/home/tao/.local/bin:java/apache-maven-3.5.4/bin:/usr/local/sbin:/usr/local/bin:/usr/sbin:/usr/bin:/sbin:/bin:/usr/games:/usr/local/games:/snap/bin:/usr/local/java/bin:/usr/local/java/jre/bin, XAUTHORITY=/home/tao/.Xauthority, XMODIFIERS=@im=fcitx, XDG_DATA_DIRS=/usr/share/ubuntu:/usr/share/gnome:/usr/local/share/:/usr/share/:/var/lib/snapd/desktop, GDMSESSION=ubuntu, MANDATORY_PATH=/usr/share/gconf/ubuntu.mandatory.path, GTK_IM_MODULE=fcitx, DBUS_SESSION_BUS_ADDRESS=unix:abstract=/tmp/dbus-DXBno5hn1E, DEFAULTS_PATH=/usr/share/gconf/ubuntu.default.path, XDG_CURRENT_DESKTOP=Unity, JRE_HOME=/usr/local/java/jre, MAVEN_HOME=java/apache-maven-3.5.4, LIBGL_ALWAYS_SOFTWARE=1, UPSTART_SESSION=unix:abstract=/com/ubuntu/upstart-session/1000/9124, QT4_IM_MODULE=fcitx, QT_LINUX_ACCESSIBILITY_ALWAYS_ON=1, LOGNAME=tao, JOB=unity-settings-daemon, PWD=/home/tao/IdeaProjects/springBootTest, IM_CONFIG_PHASE=1, LANGUAGE=zh_CN:zh, SHELL=/bin/bash, GIO_LAUNCHED_DESKTOP_FILE=/home/tao/.local/share/applications/idea.desktop, GTK2_MODULES=overlay-scrollbar, INSTANCE=, OLDPWD=/home/tao/IdeaProjects/springBootTest, GNOME_DESKTOP_SESSION_ID=this-is-deprecated, UPSTART_INSTANCE=, GTK_MODULES=unity-gtk-module, CLUTTER_IM_MODULE=xim, JAVA_PATH=/usr/local/java/bin:/usr/local/java/jre/bin, XDG_SESSION_PATH=/org/freedesktop/DisplayManager/Session0, COMPIZ_BIN_PATH=/usr/bin/, SESSIONTYPE=gnome-session, XDG_SESSION_DESKTOP=ubuntu, SHLVL=0, COMPIZ_CONFIG_PROFILE=ubuntu-lowgfx, QT_IM_MODULE=fcitx, UPSTART_JOB=unity7, JAVA_HOME=/usr/local/java, XDG_CONFIG_DIRS=/etc/xdg/xdg-ubuntu:/usr/share/upstart/xdg:/etc/xdg, LANG=zh_CN.UTF-8, GNOME_KEYRING_CONTROL=, XDG_SEAT_PATH=/org/freedesktop/DisplayManager/Seat0, XDG_SESSION_ID=c2, XDG_SESSION_TYPE=x11, DISPLAY=:0, GDM_LANG=zh_CN, XDG_GREETER_DATA_DIR=/var/lib/lightdm-data/tao, UPSTART_EVENTS=xsession started, GPG_AGENT_INFO=/home/tao/.gnupg/S.gpg-agent:0:1, DESKTOP_SESSION=ubuntu, SESSION=ubuntu, USER=tao, CLASSPATH=/home/tao/source/idea-IU-181.5540.7/lib/bootstrap.jar:/home/tao/source/idea-IU-181.5540.7/lib/extensions.jar:/home/tao/source/idea-IU-181.5540.7/lib/util.jar:/home/tao/source/idea-IU-181.5540.7/lib/jdom.jar:/home/tao/source/idea-IU-181.5540.7/lib/log4j.jar:/home/tao/source/idea-IU-181.5540.7/lib/trove4j.jar:/home/tao/source/idea-IU-181.5540.7/lib/jna.jar:/usr/local/java/lib/tools.jar, XDG_MENU_PREFIX=gnome-, GIO_LAUNCHED_DESKTOP_FILE_PID=7446, QT_ACCESSIBILITY=1, SSH_AUTH_SOCK=/run/user/1000/keyring/ssh, XDG_SEAT=seat0, QT_QPA_PLATFORMTHEME=appmenu-qt5, XDG_VTNR=7, XDG_RUNTIME_DIR=/run/user/1000, HOME=/home/tao, GNOME_KEYRING_PID=}}]
]]></system-out>
  </testcase>
</testsuite>